[2022-08-11T12:32:44.806] [INFO] cheese - Started to port 3000
[2022-08-11T12:33:35.122] [INFO] default - Started to port 3000
[2022-08-11T12:34:58.335] [INFO] default - Started to port 3000
[2022-08-11T12:38:14.169] [INFO] default - Started to port 3000
[2022-08-11T12:40:15.783] [INFO] default - Started to port 3000
[2022-08-11T12:42:15.301] [INFO] default - Started to port 3000
[2022-08-11T12:42:28.394] [INFO] default - Started to port 3000
[2022-08-11T12:44:51.359] [INFO] default - Started to port 3000
[2022-08-11T12:47:43.059] [INFO] default - Started to port 3000
[2022-08-11T12:49:59.670] [INFO] default - Started to port 3000
[2022-08-11T12:51:50.977] [INFO] default - Started to port 3000
[2022-08-11T12:52:25.812] [INFO] default - Started to port 3000
[2022-08-11T12:53:10.210] [INFO] default - Started to port 3000
[2022-08-11T12:56:49.026] [INFO] default - Started to port 3000
[2022-08-11T12:57:17.288] [INFO] default - Started to port 3000
[2022-08-11T12:57:33.216] [INFO] default - Started to port 3000
[2022-08-11T12:57:57.826] [INFO] default - Started to port 3000
[2022-08-11T14:18:29.456] [INFO] default - Started to port 3000
[2022-08-11T15:13:57.778] [INFO] default - Sever connected: 3000
[2022-08-11T15:15:25.525] [INFO] default - Sever connected: 3000
[2022-08-11T15:15:52.121] [INFO] default - Sever connected: 3000
[2022-08-11T15:15:58.799] [INFO] default - Sever connected: 3000
[2022-08-11T16:43:39.341] [INFO] default - Sever connected: 3000
[2022-08-11T16:44:46.738] [INFO] default - Sever connected: 3000
[2022-08-11T16:46:45.608] [INFO] default - Sever connected: 3000
[2022-08-11T16:46:57.971] [INFO] default - Sever connected: 3000
[2022-08-11T16:47:01.535] [INFO] default - Sever connected: 3000
[2022-08-11T16:47:42.097] [INFO] default - Sever connected: 3000
[2022-08-11T16:47:45.146] [ERROR] default - Error: connect ECONNREFUSED 127.0.0.1:3306
    at TCPConnectWrap.afterConnect [as oncomplete] (net.js:1148:16)
    --------------------
    at Protocol._enqueue (/Users/sanpetchboriboon/Repository/playground/todo-list/server/node_modules/mysql/lib/protocol/Protocol.js:144:48)
    at Protocol.handshake (/Users/sanpetchboriboon/Repository/playground/todo-list/server/node_modules/mysql/lib/protocol/Protocol.js:51:23)
    at Connection.connect (/Users/sanpetchboriboon/Repository/playground/todo-list/server/node_modules/mysql/lib/Connection.js:116:18)
    at /Users/sanpetchboriboon/Repository/playground/todo-list/server/node_modules/knex/lib/dialects/mysql/index.js:68:18
    at Promise._execute (/Users/sanpetchboriboon/Repository/playground/todo-list/server/node_modules/bluebird/js/release/debuggability.js:384:9)
    at Promise._resolveFromExecutor (/Users/sanpetchboriboon/Repository/playground/todo-list/server/node_modules/bluebird/js/release/promise.js:518:18)
    at new Promise (/Users/sanpetchboriboon/Repository/playground/todo-list/server/node_modules/bluebird/js/release/promise.js:103:10)
    at Client_MySQL.acquireRawConnection (/Users/sanpetchboriboon/Repository/playground/todo-list/server/node_modules/knex/lib/dialects/mysql/index.js:63:12)
    at create (/Users/sanpetchboriboon/Repository/playground/todo-list/server/node_modules/knex/lib/client.js:258:21)
    at /Users/sanpetchboriboon/Repository/playground/todo-list/server/node_modules/tarn/lib/Pool.js:389:34
    at Object.tryPromise (/Users/sanpetchboriboon/Repository/playground/todo-list/server/node_modules/tarn/lib/utils.js:53:24)
    at /Users/sanpetchboriboon/Repository/playground/todo-list/server/node_modules/tarn/lib/Pool.js:389:17
    at new Promise (<anonymous>)
    at callbackOrPromise (/Users/sanpetchboriboon/Repository/playground/todo-list/server/node_modules/tarn/lib/Pool.js:380:12)
    at Pool._create (/Users/sanpetchboriboon/Repository/playground/todo-list/server/node_modules/tarn/lib/Pool.js:290:9)
    at Pool._doCreate (/Users/sanpetchboriboon/Repository/playground/todo-list/server/node_modules/tarn/lib/Pool.js:260:36) {
  errno: -61,
  code: 'ECONNREFUSED',
  syscall: 'connect',
  address: '127.0.0.1',
  port: 3306,
  fatal: true
}
[2022-08-11T16:48:07.494] [INFO] default - Sever connected: 3000
[2022-08-11T16:48:13.062] [ERROR] default - Error: getaddrinfo ENOTFOUND 127.0.0.1:3306
    at GetAddrInfoReqWrap.onlookup [as oncomplete] (dns.js:69:26)
    --------------------
    at Protocol._enqueue (/Users/sanpetchboriboon/Repository/playground/todo-list/server/node_modules/mysql/lib/protocol/Protocol.js:144:48)
    at Protocol.handshake (/Users/sanpetchboriboon/Repository/playground/todo-list/server/node_modules/mysql/lib/protocol/Protocol.js:51:23)
    at Connection.connect (/Users/sanpetchboriboon/Repository/playground/todo-list/server/node_modules/mysql/lib/Connection.js:116:18)
    at /Users/sanpetchboriboon/Repository/playground/todo-list/server/node_modules/knex/lib/dialects/mysql/index.js:68:18
    at Promise._execute (/Users/sanpetchboriboon/Repository/playground/todo-list/server/node_modules/bluebird/js/release/debuggability.js:384:9)
    at Promise._resolveFromExecutor (/Users/sanpetchboriboon/Repository/playground/todo-list/server/node_modules/bluebird/js/release/promise.js:518:18)
    at new Promise (/Users/sanpetchboriboon/Repository/playground/todo-list/server/node_modules/bluebird/js/release/promise.js:103:10)
    at Client_MySQL.acquireRawConnection (/Users/sanpetchboriboon/Repository/playground/todo-list/server/node_modules/knex/lib/dialects/mysql/index.js:63:12)
    at create (/Users/sanpetchboriboon/Repository/playground/todo-list/server/node_modules/knex/lib/client.js:258:21)
    at /Users/sanpetchboriboon/Repository/playground/todo-list/server/node_modules/tarn/lib/Pool.js:389:34
    at Object.tryPromise (/Users/sanpetchboriboon/Repository/playground/todo-list/server/node_modules/tarn/lib/utils.js:53:24)
    at /Users/sanpetchboriboon/Repository/playground/todo-list/server/node_modules/tarn/lib/Pool.js:389:17
    at new Promise (<anonymous>)
    at callbackOrPromise (/Users/sanpetchboriboon/Repository/playground/todo-list/server/node_modules/tarn/lib/Pool.js:380:12)
    at Pool._create (/Users/sanpetchboriboon/Repository/playground/todo-list/server/node_modules/tarn/lib/Pool.js:290:9)
    at Pool._doCreate (/Users/sanpetchboriboon/Repository/playground/todo-list/server/node_modules/tarn/lib/Pool.js:260:36) {
  errno: -3008,
  code: 'ENOTFOUND',
  syscall: 'getaddrinfo',
  hostname: '127.0.0.1:3306',
  fatal: true
}
[2022-08-11T16:48:31.196] [INFO] default - Sever connected: 3000
[2022-08-11T16:48:50.674] [INFO] default - Sever connected: 3000
[2022-08-11T16:48:52.558] [ERROR] default - Error: connect ECONNREFUSED 127.0.0.1:3306
    at TCPConnectWrap.afterConnect [as oncomplete] (net.js:1148:16)
    --------------------
    at Protocol._enqueue (/Users/sanpetchboriboon/Repository/playground/todo-list/server/node_modules/mysql/lib/protocol/Protocol.js:144:48)
    at Protocol.handshake (/Users/sanpetchboriboon/Repository/playground/todo-list/server/node_modules/mysql/lib/protocol/Protocol.js:51:23)
    at Connection.connect (/Users/sanpetchboriboon/Repository/playground/todo-list/server/node_modules/mysql/lib/Connection.js:116:18)
    at /Users/sanpetchboriboon/Repository/playground/todo-list/server/node_modules/knex/lib/dialects/mysql/index.js:68:18
    at Promise._execute (/Users/sanpetchboriboon/Repository/playground/todo-list/server/node_modules/bluebird/js/release/debuggability.js:384:9)
    at Promise._resolveFromExecutor (/Users/sanpetchboriboon/Repository/playground/todo-list/server/node_modules/bluebird/js/release/promise.js:518:18)
    at new Promise (/Users/sanpetchboriboon/Repository/playground/todo-list/server/node_modules/bluebird/js/release/promise.js:103:10)
    at Client_MySQL.acquireRawConnection (/Users/sanpetchboriboon/Repository/playground/todo-list/server/node_modules/knex/lib/dialects/mysql/index.js:63:12)
    at create (/Users/sanpetchboriboon/Repository/playground/todo-list/server/node_modules/knex/lib/client.js:258:21)
    at /Users/sanpetchboriboon/Repository/playground/todo-list/server/node_modules/tarn/lib/Pool.js:389:34
    at Object.tryPromise (/Users/sanpetchboriboon/Repository/playground/todo-list/server/node_modules/tarn/lib/utils.js:53:24)
    at /Users/sanpetchboriboon/Repository/playground/todo-list/server/node_modules/tarn/lib/Pool.js:389:17
    at new Promise (<anonymous>)
    at callbackOrPromise (/Users/sanpetchboriboon/Repository/playground/todo-list/server/node_modules/tarn/lib/Pool.js:380:12)
    at Pool._create (/Users/sanpetchboriboon/Repository/playground/todo-list/server/node_modules/tarn/lib/Pool.js:290:9)
    at Pool._doCreate (/Users/sanpetchboriboon/Repository/playground/todo-list/server/node_modules/tarn/lib/Pool.js:260:36) {
  errno: -61,
  code: 'ECONNREFUSED',
  syscall: 'connect',
  address: '127.0.0.1',
  port: 3306,
  fatal: true
}
[2022-08-11T16:50:50.311] [INFO] default - Sever connected: 3000
[2022-08-11T16:51:01.929] [ERROR] default - Error: connect ETIMEDOUT
    at Connection._handleConnectTimeout (/Users/sanpetchboriboon/Repository/playground/todo-list/server/node_modules/mysql/lib/Connection.js:409:13)
    at Object.onceWrapper (events.js:481:28)
    at Socket.emit (events.js:375:28)
    at Socket._onTimeout (net.js:484:8)
    at listOnTimeout (internal/timers.js:557:17)
    at processTimers (internal/timers.js:500:7)
    --------------------
    at Protocol._enqueue (/Users/sanpetchboriboon/Repository/playground/todo-list/server/node_modules/mysql/lib/protocol/Protocol.js:144:48)
    at Protocol.handshake (/Users/sanpetchboriboon/Repository/playground/todo-list/server/node_modules/mysql/lib/protocol/Protocol.js:51:23)
    at Connection.connect (/Users/sanpetchboriboon/Repository/playground/todo-list/server/node_modules/mysql/lib/Connection.js:116:18)
    at /Users/sanpetchboriboon/Repository/playground/todo-list/server/node_modules/knex/lib/dialects/mysql/index.js:68:18
    at Promise._execute (/Users/sanpetchboriboon/Repository/playground/todo-list/server/node_modules/bluebird/js/release/debuggability.js:384:9)
    at Promise._resolveFromExecutor (/Users/sanpetchboriboon/Repository/playground/todo-list/server/node_modules/bluebird/js/release/promise.js:518:18)
    at new Promise (/Users/sanpetchboriboon/Repository/playground/todo-list/server/node_modules/bluebird/js/release/promise.js:103:10)
    at Client_MySQL.acquireRawConnection (/Users/sanpetchboriboon/Repository/playground/todo-list/server/node_modules/knex/lib/dialects/mysql/index.js:63:12)
    at create (/Users/sanpetchboriboon/Repository/playground/todo-list/server/node_modules/knex/lib/client.js:258:21)
    at /Users/sanpetchboriboon/Repository/playground/todo-list/server/node_modules/tarn/lib/Pool.js:389:34
    at Object.tryPromise (/Users/sanpetchboriboon/Repository/playground/todo-list/server/node_modules/tarn/lib/utils.js:53:24)
    at /Users/sanpetchboriboon/Repository/playground/todo-list/server/node_modules/tarn/lib/Pool.js:389:17
    at new Promise (<anonymous>)
    at callbackOrPromise (/Users/sanpetchboriboon/Repository/playground/todo-list/server/node_modules/tarn/lib/Pool.js:380:12)
    at Pool._create (/Users/sanpetchboriboon/Repository/playground/todo-list/server/node_modules/tarn/lib/Pool.js:290:9)
    at Pool._doCreate (/Users/sanpetchboriboon/Repository/playground/todo-list/server/node_modules/tarn/lib/Pool.js:260:36) {
  errorno: 'ETIMEDOUT',
  code: 'ETIMEDOUT',
  syscall: 'connect',
  fatal: true
}
[2022-08-11T16:51:09.339] [INFO] default - Sever connected: 3000
[2022-08-11T16:51:15.088] [ERROR] default - Error: connect ECONNREFUSED 127.0.0.1:3306
    at TCPConnectWrap.afterConnect [as oncomplete] (net.js:1148:16)
    --------------------
    at Protocol._enqueue (/Users/sanpetchboriboon/Repository/playground/todo-list/server/node_modules/mysql/lib/protocol/Protocol.js:144:48)
    at Protocol.handshake (/Users/sanpetchboriboon/Repository/playground/todo-list/server/node_modules/mysql/lib/protocol/Protocol.js:51:23)
    at Connection.connect (/Users/sanpetchboriboon/Repository/playground/todo-list/server/node_modules/mysql/lib/Connection.js:116:18)
    at /Users/sanpetchboriboon/Repository/playground/todo-list/server/node_modules/knex/lib/dialects/mysql/index.js:68:18
    at Promise._execute (/Users/sanpetchboriboon/Repository/playground/todo-list/server/node_modules/bluebird/js/release/debuggability.js:384:9)
    at Promise._resolveFromExecutor (/Users/sanpetchboriboon/Repository/playground/todo-list/server/node_modules/bluebird/js/release/promise.js:518:18)
    at new Promise (/Users/sanpetchboriboon/Repository/playground/todo-list/server/node_modules/bluebird/js/release/promise.js:103:10)
    at Client_MySQL.acquireRawConnection (/Users/sanpetchboriboon/Repository/playground/todo-list/server/node_modules/knex/lib/dialects/mysql/index.js:63:12)
    at create (/Users/sanpetchboriboon/Repository/playground/todo-list/server/node_modules/knex/lib/client.js:258:21)
    at /Users/sanpetchboriboon/Repository/playground/todo-list/server/node_modules/tarn/lib/Pool.js:389:34
    at Object.tryPromise (/Users/sanpetchboriboon/Repository/playground/todo-list/server/node_modules/tarn/lib/utils.js:53:24)
    at /Users/sanpetchboriboon/Repository/playground/todo-list/server/node_modules/tarn/lib/Pool.js:389:17
    at new Promise (<anonymous>)
    at callbackOrPromise (/Users/sanpetchboriboon/Repository/playground/todo-list/server/node_modules/tarn/lib/Pool.js:380:12)
    at Pool._create (/Users/sanpetchboriboon/Repository/playground/todo-list/server/node_modules/tarn/lib/Pool.js:290:9)
    at Pool._doCreate (/Users/sanpetchboriboon/Repository/playground/todo-list/server/node_modules/tarn/lib/Pool.js:260:36) {
  errno: -61,
  code: 'ECONNREFUSED',
  syscall: 'connect',
  address: '127.0.0.1',
  port: 3306,
  fatal: true
}
[2022-08-11T16:51:23.234] [INFO] default - Sever connected: 3000
[2022-08-11T16:51:48.384] [INFO] default - Sever connected: 3000
[2022-08-11T16:52:01.450] [ERROR] default - Error: connect ETIMEDOUT
    at Connection._handleConnectTimeout (/Users/sanpetchboriboon/Repository/playground/todo-list/server/node_modules/mysql/lib/Connection.js:409:13)
    at Object.onceWrapper (events.js:481:28)
    at Socket.emit (events.js:375:28)
    at Socket._onTimeout (net.js:484:8)
    at listOnTimeout (internal/timers.js:557:17)
    at processTimers (internal/timers.js:500:7)
    --------------------
    at Protocol._enqueue (/Users/sanpetchboriboon/Repository/playground/todo-list/server/node_modules/mysql/lib/protocol/Protocol.js:144:48)
    at Protocol.handshake (/Users/sanpetchboriboon/Repository/playground/todo-list/server/node_modules/mysql/lib/protocol/Protocol.js:51:23)
    at Connection.connect (/Users/sanpetchboriboon/Repository/playground/todo-list/server/node_modules/mysql/lib/Connection.js:116:18)
    at /Users/sanpetchboriboon/Repository/playground/todo-list/server/node_modules/knex/lib/dialects/mysql/index.js:68:18
    at Promise._execute (/Users/sanpetchboriboon/Repository/playground/todo-list/server/node_modules/bluebird/js/release/debuggability.js:384:9)
    at Promise._resolveFromExecutor (/Users/sanpetchboriboon/Repository/playground/todo-list/server/node_modules/bluebird/js/release/promise.js:518:18)
    at new Promise (/Users/sanpetchboriboon/Repository/playground/todo-list/server/node_modules/bluebird/js/release/promise.js:103:10)
    at Client_MySQL.acquireRawConnection (/Users/sanpetchboriboon/Repository/playground/todo-list/server/node_modules/knex/lib/dialects/mysql/index.js:63:12)
    at create (/Users/sanpetchboriboon/Repository/playground/todo-list/server/node_modules/knex/lib/client.js:258:21)
    at /Users/sanpetchboriboon/Repository/playground/todo-list/server/node_modules/tarn/lib/Pool.js:389:34
    at Object.tryPromise (/Users/sanpetchboriboon/Repository/playground/todo-list/server/node_modules/tarn/lib/utils.js:53:24)
    at /Users/sanpetchboriboon/Repository/playground/todo-list/server/node_modules/tarn/lib/Pool.js:389:17
    at new Promise (<anonymous>)
    at callbackOrPromise (/Users/sanpetchboriboon/Repository/playground/todo-list/server/node_modules/tarn/lib/Pool.js:380:12)
    at Pool._create (/Users/sanpetchboriboon/Repository/playground/todo-list/server/node_modules/tarn/lib/Pool.js:290:9)
    at Pool._doCreate (/Users/sanpetchboriboon/Repository/playground/todo-list/server/node_modules/tarn/lib/Pool.js:260:36) {
  errorno: 'ETIMEDOUT',
  code: 'ETIMEDOUT',
  syscall: 'connect',
  fatal: true
}
[2022-08-11T16:52:21.185] [INFO] default - Sever connected: 3000
[2022-08-11T16:52:27.867] [INFO] default - Sever connected: 3000
[2022-08-11T16:52:47.947] [ERROR] default - Error: connect ETIMEDOUT
    at Connection._handleConnectTimeout (/Users/sanpetchboriboon/Repository/playground/todo-list/server/node_modules/mysql/lib/Connection.js:409:13)
    at Object.onceWrapper (events.js:481:28)
    at Socket.emit (events.js:375:28)
    at Socket._onTimeout (net.js:484:8)
    at listOnTimeout (internal/timers.js:557:17)
    at processTimers (internal/timers.js:500:7)
    --------------------
    at Protocol._enqueue (/Users/sanpetchboriboon/Repository/playground/todo-list/server/node_modules/mysql/lib/protocol/Protocol.js:144:48)
    at Protocol.handshake (/Users/sanpetchboriboon/Repository/playground/todo-list/server/node_modules/mysql/lib/protocol/Protocol.js:51:23)
    at Connection.connect (/Users/sanpetchboriboon/Repository/playground/todo-list/server/node_modules/mysql/lib/Connection.js:116:18)
    at /Users/sanpetchboriboon/Repository/playground/todo-list/server/node_modules/knex/lib/dialects/mysql/index.js:68:18
    at Promise._execute (/Users/sanpetchboriboon/Repository/playground/todo-list/server/node_modules/bluebird/js/release/debuggability.js:384:9)
    at Promise._resolveFromExecutor (/Users/sanpetchboriboon/Repository/playground/todo-list/server/node_modules/bluebird/js/release/promise.js:518:18)
    at new Promise (/Users/sanpetchboriboon/Repository/playground/todo-list/server/node_modules/bluebird/js/release/promise.js:103:10)
    at Client_MySQL.acquireRawConnection (/Users/sanpetchboriboon/Repository/playground/todo-list/server/node_modules/knex/lib/dialects/mysql/index.js:63:12)
    at create (/Users/sanpetchboriboon/Repository/playground/todo-list/server/node_modules/knex/lib/client.js:258:21)
    at /Users/sanpetchboriboon/Repository/playground/todo-list/server/node_modules/tarn/lib/Pool.js:389:34
    at Object.tryPromise (/Users/sanpetchboriboon/Repository/playground/todo-list/server/node_modules/tarn/lib/utils.js:53:24)
    at /Users/sanpetchboriboon/Repository/playground/todo-list/server/node_modules/tarn/lib/Pool.js:389:17
    at new Promise (<anonymous>)
    at callbackOrPromise (/Users/sanpetchboriboon/Repository/playground/todo-list/server/node_modules/tarn/lib/Pool.js:380:12)
    at Pool._create (/Users/sanpetchboriboon/Repository/playground/todo-list/server/node_modules/tarn/lib/Pool.js:290:9)
    at Pool._doCreate (/Users/sanpetchboriboon/Repository/playground/todo-list/server/node_modules/tarn/lib/Pool.js:260:36) {
  errorno: 'ETIMEDOUT',
  code: 'ETIMEDOUT',
  syscall: 'connect',
  fatal: true
}
[2022-08-11T16:53:04.846] [INFO] default - Sever connected: 3000
[2022-08-11T16:53:16.461] [INFO] default - Sever connected: 3000
[2022-08-11T16:53:25.436] [INFO] default - Sever connected: 3000
[2022-08-11T16:53:38.010] [ERROR] default - Error: connect ETIMEDOUT
    at Connection._handleConnectTimeout (/Users/sanpetchboriboon/Repository/playground/todo-list/server/node_modules/mysql/lib/Connection.js:409:13)
    at Object.onceWrapper (events.js:481:28)
    at Socket.emit (events.js:375:28)
    at Socket._onTimeout (net.js:484:8)
    at listOnTimeout (internal/timers.js:557:17)
    at processTimers (internal/timers.js:500:7)
    --------------------
    at Protocol._enqueue (/Users/sanpetchboriboon/Repository/playground/todo-list/server/node_modules/mysql/lib/protocol/Protocol.js:144:48)
    at Protocol.handshake (/Users/sanpetchboriboon/Repository/playground/todo-list/server/node_modules/mysql/lib/protocol/Protocol.js:51:23)
    at Connection.connect (/Users/sanpetchboriboon/Repository/playground/todo-list/server/node_modules/mysql/lib/Connection.js:116:18)
    at /Users/sanpetchboriboon/Repository/playground/todo-list/server/node_modules/knex/lib/dialects/mysql/index.js:68:18
    at Promise._execute (/Users/sanpetchboriboon/Repository/playground/todo-list/server/node_modules/bluebird/js/release/debuggability.js:384:9)
    at Promise._resolveFromExecutor (/Users/sanpetchboriboon/Repository/playground/todo-list/server/node_modules/bluebird/js/release/promise.js:518:18)
    at new Promise (/Users/sanpetchboriboon/Repository/playground/todo-list/server/node_modules/bluebird/js/release/promise.js:103:10)
    at Client_MySQL.acquireRawConnection (/Users/sanpetchboriboon/Repository/playground/todo-list/server/node_modules/knex/lib/dialects/mysql/index.js:63:12)
    at create (/Users/sanpetchboriboon/Repository/playground/todo-list/server/node_modules/knex/lib/client.js:258:21)
    at /Users/sanpetchboriboon/Repository/playground/todo-list/server/node_modules/tarn/lib/Pool.js:389:34
    at Object.tryPromise (/Users/sanpetchboriboon/Repository/playground/todo-list/server/node_modules/tarn/lib/utils.js:53:24)
    at /Users/sanpetchboriboon/Repository/playground/todo-list/server/node_modules/tarn/lib/Pool.js:389:17
    at new Promise (<anonymous>)
    at callbackOrPromise (/Users/sanpetchboriboon/Repository/playground/todo-list/server/node_modules/tarn/lib/Pool.js:380:12)
    at Pool._create (/Users/sanpetchboriboon/Repository/playground/todo-list/server/node_modules/tarn/lib/Pool.js:290:9)
    at Pool._doCreate (/Users/sanpetchboriboon/Repository/playground/todo-list/server/node_modules/tarn/lib/Pool.js:260:36) {
  errorno: 'ETIMEDOUT',
  code: 'ETIMEDOUT',
  syscall: 'connect',
  fatal: true
}
[2022-08-11T16:53:42.379] [INFO] default - Sever connected: 3000
[2022-08-11T16:53:53.400] [ERROR] default - Error: connect ETIMEDOUT
    at Connection._handleConnectTimeout (/Users/sanpetchboriboon/Repository/playground/todo-list/server/node_modules/mysql/lib/Connection.js:409:13)
    at Object.onceWrapper (events.js:481:28)
    at Socket.emit (events.js:375:28)
    at Socket._onTimeout (net.js:484:8)
    at listOnTimeout (internal/timers.js:557:17)
    at processTimers (internal/timers.js:500:7)
    --------------------
    at Protocol._enqueue (/Users/sanpetchboriboon/Repository/playground/todo-list/server/node_modules/mysql/lib/protocol/Protocol.js:144:48)
    at Protocol.handshake (/Users/sanpetchboriboon/Repository/playground/todo-list/server/node_modules/mysql/lib/protocol/Protocol.js:51:23)
    at Connection.connect (/Users/sanpetchboriboon/Repository/playground/todo-list/server/node_modules/mysql/lib/Connection.js:116:18)
    at /Users/sanpetchboriboon/Repository/playground/todo-list/server/node_modules/knex/lib/dialects/mysql/index.js:68:18
    at Promise._execute (/Users/sanpetchboriboon/Repository/playground/todo-list/server/node_modules/bluebird/js/release/debuggability.js:384:9)
    at Promise._resolveFromExecutor (/Users/sanpetchboriboon/Repository/playground/todo-list/server/node_modules/bluebird/js/release/promise.js:518:18)
    at new Promise (/Users/sanpetchboriboon/Repository/playground/todo-list/server/node_modules/bluebird/js/release/promise.js:103:10)
    at Client_MySQL.acquireRawConnection (/Users/sanpetchboriboon/Repository/playground/todo-list/server/node_modules/knex/lib/dialects/mysql/index.js:63:12)
    at create (/Users/sanpetchboriboon/Repository/playground/todo-list/server/node_modules/knex/lib/client.js:258:21)
    at /Users/sanpetchboriboon/Repository/playground/todo-list/server/node_modules/tarn/lib/Pool.js:389:34
    at Object.tryPromise (/Users/sanpetchboriboon/Repository/playground/todo-list/server/node_modules/tarn/lib/utils.js:53:24)
    at /Users/sanpetchboriboon/Repository/playground/todo-list/server/node_modules/tarn/lib/Pool.js:389:17
    at new Promise (<anonymous>)
    at callbackOrPromise (/Users/sanpetchboriboon/Repository/playground/todo-list/server/node_modules/tarn/lib/Pool.js:380:12)
    at Pool._create (/Users/sanpetchboriboon/Repository/playground/todo-list/server/node_modules/tarn/lib/Pool.js:290:9)
    at Pool._doCreate (/Users/sanpetchboriboon/Repository/playground/todo-list/server/node_modules/tarn/lib/Pool.js:260:36) {
  errorno: 'ETIMEDOUT',
  code: 'ETIMEDOUT',
  syscall: 'connect',
  fatal: true
}
[2022-08-11T16:54:06.590] [INFO] default - Sever connected: 3000
[2022-08-11T16:54:17.999] [ERROR] default - Error: connect ETIMEDOUT
    at Connection._handleConnectTimeout (/Users/sanpetchboriboon/Repository/playground/todo-list/server/node_modules/mysql/lib/Connection.js:409:13)
    at Object.onceWrapper (events.js:481:28)
    at Socket.emit (events.js:375:28)
    at Socket._onTimeout (net.js:484:8)
    at listOnTimeout (internal/timers.js:557:17)
    at processTimers (internal/timers.js:500:7)
    --------------------
    at Protocol._enqueue (/Users/sanpetchboriboon/Repository/playground/todo-list/server/node_modules/mysql/lib/protocol/Protocol.js:144:48)
    at Protocol.handshake (/Users/sanpetchboriboon/Repository/playground/todo-list/server/node_modules/mysql/lib/protocol/Protocol.js:51:23)
    at Connection.connect (/Users/sanpetchboriboon/Repository/playground/todo-list/server/node_modules/mysql/lib/Connection.js:116:18)
    at /Users/sanpetchboriboon/Repository/playground/todo-list/server/node_modules/knex/lib/dialects/mysql/index.js:68:18
    at Promise._execute (/Users/sanpetchboriboon/Repository/playground/todo-list/server/node_modules/bluebird/js/release/debuggability.js:384:9)
    at Promise._resolveFromExecutor (/Users/sanpetchboriboon/Repository/playground/todo-list/server/node_modules/bluebird/js/release/promise.js:518:18)
    at new Promise (/Users/sanpetchboriboon/Repository/playground/todo-list/server/node_modules/bluebird/js/release/promise.js:103:10)
    at Client_MySQL.acquireRawConnection (/Users/sanpetchboriboon/Repository/playground/todo-list/server/node_modules/knex/lib/dialects/mysql/index.js:63:12)
    at create (/Users/sanpetchboriboon/Repository/playground/todo-list/server/node_modules/knex/lib/client.js:258:21)
    at /Users/sanpetchboriboon/Repository/playground/todo-list/server/node_modules/tarn/lib/Pool.js:389:34
    at Object.tryPromise (/Users/sanpetchboriboon/Repository/playground/todo-list/server/node_modules/tarn/lib/utils.js:53:24)
    at /Users/sanpetchboriboon/Repository/playground/todo-list/server/node_modules/tarn/lib/Pool.js:389:17
    at new Promise (<anonymous>)
    at callbackOrPromise (/Users/sanpetchboriboon/Repository/playground/todo-list/server/node_modules/tarn/lib/Pool.js:380:12)
    at Pool._create (/Users/sanpetchboriboon/Repository/playground/todo-list/server/node_modules/tarn/lib/Pool.js:290:9)
    at Pool._doCreate (/Users/sanpetchboriboon/Repository/playground/todo-list/server/node_modules/tarn/lib/Pool.js:260:36) {
  errorno: 'ETIMEDOUT',
  code: 'ETIMEDOUT',
  syscall: 'connect',
  fatal: true
}
[2022-08-11T17:02:32.067] [INFO] default - Sever connected: 3000
[2022-08-11T17:02:34.950] [ERROR] default - Error: ER_BAD_DB_ERROR: Unknown database 'todolists'
    at Handshake.Sequence._packetToError (/Users/sanpetchboriboon/Repository/playground/todo-list/server/node_modules/mysql/lib/protocol/sequences/Sequence.js:47:14)
    at Handshake.ErrorPacket (/Users/sanpetchboriboon/Repository/playground/todo-list/server/node_modules/mysql/lib/protocol/sequences/Handshake.js:123:18)
    at Protocol._parsePacket (/Users/sanpetchboriboon/Repository/playground/todo-list/server/node_modules/mysql/lib/protocol/Protocol.js:291:23)
    at Parser._parsePacket (/Users/sanpetchboriboon/Repository/playground/todo-list/server/node_modules/mysql/lib/protocol/Parser.js:433:10)
    at Parser.write (/Users/sanpetchboriboon/Repository/playground/todo-list/server/node_modules/mysql/lib/protocol/Parser.js:43:10)
    at Protocol.write (/Users/sanpetchboriboon/Repository/playground/todo-list/server/node_modules/mysql/lib/protocol/Protocol.js:38:16)
    at Socket.<anonymous> (/Users/sanpetchboriboon/Repository/playground/todo-list/server/node_modules/mysql/lib/Connection.js:88:28)
    at Socket.<anonymous> (/Users/sanpetchboriboon/Repository/playground/todo-list/server/node_modules/mysql/lib/Connection.js:526:10)
    at Socket.emit (events.js:375:28)
    at addChunk (internal/streams/readable.js:290:12)
    at readableAddChunk (internal/streams/readable.js:265:9)
    at Socket.Readable.push (internal/streams/readable.js:204:10)
    at TCP.onStreamRead (internal/stream_base_commons.js:188:23)
    --------------------
    at Protocol._enqueue (/Users/sanpetchboriboon/Repository/playground/todo-list/server/node_modules/mysql/lib/protocol/Protocol.js:144:48)
    at Protocol.handshake (/Users/sanpetchboriboon/Repository/playground/todo-list/server/node_modules/mysql/lib/protocol/Protocol.js:51:23)
    at Connection.connect (/Users/sanpetchboriboon/Repository/playground/todo-list/server/node_modules/mysql/lib/Connection.js:116:18)
    at /Users/sanpetchboriboon/Repository/playground/todo-list/server/node_modules/knex/lib/dialects/mysql/index.js:68:18
    at Promise._execute (/Users/sanpetchboriboon/Repository/playground/todo-list/server/node_modules/bluebird/js/release/debuggability.js:384:9)
    at Promise._resolveFromExecutor (/Users/sanpetchboriboon/Repository/playground/todo-list/server/node_modules/bluebird/js/release/promise.js:518:18)
    at new Promise (/Users/sanpetchboriboon/Repository/playground/todo-list/server/node_modules/bluebird/js/release/promise.js:103:10)
    at Client_MySQL.acquireRawConnection (/Users/sanpetchboriboon/Repository/playground/todo-list/server/node_modules/knex/lib/dialects/mysql/index.js:63:12)
    at create (/Users/sanpetchboriboon/Repository/playground/todo-list/server/node_modules/knex/lib/client.js:258:21)
    at /Users/sanpetchboriboon/Repository/playground/todo-list/server/node_modules/tarn/lib/Pool.js:389:34
    at Object.tryPromise (/Users/sanpetchboriboon/Repository/playground/todo-list/server/node_modules/tarn/lib/utils.js:53:24)
    at /Users/sanpetchboriboon/Repository/playground/todo-list/server/node_modules/tarn/lib/Pool.js:389:17
    at new Promise (<anonymous>)
    at callbackOrPromise (/Users/sanpetchboriboon/Repository/playground/todo-list/server/node_modules/tarn/lib/Pool.js:380:12)
    at Pool._create (/Users/sanpetchboriboon/Repository/playground/todo-list/server/node_modules/tarn/lib/Pool.js:290:9)
    at Pool._doCreate (/Users/sanpetchboriboon/Repository/playground/todo-list/server/node_modules/tarn/lib/Pool.js:260:36) {
  code: 'ER_BAD_DB_ERROR',
  errno: 1049,
  sqlMessage: "Unknown database 'todolists'",
  sqlState: '42000',
  fatal: true
}
[2022-08-11T17:02:54.176] [INFO] default - Sever connected: 3000
[2022-08-11T17:02:57.115] [ERROR] default - Error: ER_NO_SUCH_TABLE: Table 'todo_schema.todolists' doesn't exist
    at Query.Sequence._packetToError (/Users/sanpetchboriboon/Repository/playground/todo-list/server/node_modules/mysql/lib/protocol/sequences/Sequence.js:47:14)
    at Query.ErrorPacket (/Users/sanpetchboriboon/Repository/playground/todo-list/server/node_modules/mysql/lib/protocol/sequences/Query.js:79:18)
    at Protocol._parsePacket (/Users/sanpetchboriboon/Repository/playground/todo-list/server/node_modules/mysql/lib/protocol/Protocol.js:291:23)
    at Parser._parsePacket (/Users/sanpetchboriboon/Repository/playground/todo-list/server/node_modules/mysql/lib/protocol/Parser.js:433:10)
    at Parser.write (/Users/sanpetchboriboon/Repository/playground/todo-list/server/node_modules/mysql/lib/protocol/Parser.js:43:10)
    at Protocol.write (/Users/sanpetchboriboon/Repository/playground/todo-list/server/node_modules/mysql/lib/protocol/Protocol.js:38:16)
    at Socket.<anonymous> (/Users/sanpetchboriboon/Repository/playground/todo-list/server/node_modules/mysql/lib/Connection.js:88:28)
    at Socket.<anonymous> (/Users/sanpetchboriboon/Repository/playground/todo-list/server/node_modules/mysql/lib/Connection.js:526:10)
    at Socket.emit (events.js:375:28)
    at addChunk (internal/streams/readable.js:290:12)
    at readableAddChunk (internal/streams/readable.js:265:9)
    at Socket.Readable.push (internal/streams/readable.js:204:10)
    at TCP.onStreamRead (internal/stream_base_commons.js:188:23)
    --------------------
    at Protocol._enqueue (/Users/sanpetchboriboon/Repository/playground/todo-list/server/node_modules/mysql/lib/protocol/Protocol.js:144:48)
    at Connection.query (/Users/sanpetchboriboon/Repository/playground/todo-list/server/node_modules/mysql/lib/Connection.js:198:25)
    at /Users/sanpetchboriboon/Repository/playground/todo-list/server/node_modules/knex/lib/dialects/mysql/index.js:130:18
    at Promise._execute (/Users/sanpetchboriboon/Repository/playground/todo-list/server/node_modules/bluebird/js/release/debuggability.js:384:9)
    at Promise._resolveFromExecutor (/Users/sanpetchboriboon/Repository/playground/todo-list/server/node_modules/bluebird/js/release/promise.js:518:18)
    at new Promise (/Users/sanpetchboriboon/Repository/playground/todo-list/server/node_modules/bluebird/js/release/promise.js:103:10)
    at Client_MySQL._query (/Users/sanpetchboriboon/Repository/playground/todo-list/server/node_modules/knex/lib/dialects/mysql/index.js:124:12)
    at Client_MySQL.query (/Users/sanpetchboriboon/Repository/playground/todo-list/server/node_modules/knex/lib/client.js:158:17)
    at Runner.query (/Users/sanpetchboriboon/Repository/playground/todo-list/server/node_modules/knex/lib/runner.js:135:36)
    at /Users/sanpetchboriboon/Repository/playground/todo-list/server/node_modules/knex/lib/runner.js:39:23
    at tryCatcher (/Users/sanpetchboriboon/Repository/playground/todo-list/server/node_modules/bluebird/js/release/util.js:16:23)
    at /Users/sanpetchboriboon/Repository/playground/todo-list/server/node_modules/bluebird/js/release/using.js:185:26
    at tryCatcher (/Users/sanpetchboriboon/Repository/playground/todo-list/server/node_modules/bluebird/js/release/util.js:16:23)
    at Promise._settlePromiseFromHandler (/Users/sanpetchboriboon/Repository/playground/todo-list/server/node_modules/bluebird/js/release/promise.js:547:31)
    at Promise._settlePromise (/Users/sanpetchboriboon/Repository/playground/todo-list/server/node_modules/bluebird/js/release/promise.js:604:18)
    at Promise._settlePromise0 (/Users/sanpetchboriboon/Repository/playground/todo-list/server/node_modules/bluebird/js/release/promise.js:649:10) {
  code: 'ER_NO_SUCH_TABLE',
  errno: 1146,
  sqlMessage: "Table 'todo_schema.todolists' doesn't exist",
  sqlState: '42S02',
  index: 0,
  sql: 'select * from `todolists`'
}
[2022-08-11T17:03:35.081] [INFO] default - Sever connected: 3000
[2022-08-11T17:06:06.617] [INFO] default - Sever connected: 3000
[2022-08-11T17:06:22.748] [INFO] default - Sever connected: 3000
[2022-08-11T17:06:23.692] [INFO] default - Sever connected: 3000
[2022-08-11T17:08:09.520] [INFO] default - Sever connected: 3000
